This is pdfTeX, Version 3.14159265-2.6-1.40.20 (TeX Live 2019) (preloaded format=pdflatex 2020.2.6)  10 MAR 2020 14:52
entering extended mode
 restricted \write18 enabled.
 %&-line parsing enabled.
**TemplateReport.tex
(./TemplateReport.tex
LaTeX2e <2020-02-02>
L3 programming layer <2020-02-03> (/home/rstudio/.TinyTeX/texmf-dist/tex/latex/
apa6/apa6.cls
Document Class: apa6 2020/01/13 v2.34 APA formatting (6th edition)
(/home/rstudio/.TinyTeX/texmf-dist/tex/latex/base/article.cls
Document Class: article 2019/12/20 v1.4l Standard LaTeX document class
(/home/rstudio/.TinyTeX/texmf-dist/tex/latex/base/size12.clo
File: size12.clo 2019/12/20 v1.4l Standard LaTeX file (size option)
)
\c@part=\count167
\c@section=\count168
\c@subsection=\count169
\c@subsubsection=\count170
\c@paragraph=\count171
\c@subparagraph=\count172
\c@figure=\count173
\c@table=\count174
\abovecaptionskip=\skip47
\belowcaptionskip=\skip48
\bibindent=\dimen134
) (/home/rstudio/.TinyTeX/texmf-dist/tex/latex/etoolbox/etoolbox.sty
Package: etoolbox 2019/09/21 v2.5h e-TeX tools for LaTeX (JAW)
\etb@tempcnta=\count175
)
Class apa6 Info: No bibliography package was specified; defaulting to (but not 
loading) Biblatex on input line 213.
(/home/rstudio/.TinyTeX/texmf-dist/tex/latex/lm/lmodern.sty
Package: lmodern 2009/10/30 v1.6 Latin Modern Fonts
LaTeX Font Info:    Overwriting symbol font `operators' in version `normal'
(Font)                  OT1/cmr/m/n --> OT1/lmr/m/n on input line 22.
LaTeX Font Info:    Overwriting symbol font `letters' in version `normal'
(Font)                  OML/cmm/m/it --> OML/lmm/m/it on input line 23.
LaTeX Font Info:    Overwriting symbol font `symbols' in version `normal'
(Font)                  OMS/cmsy/m/n --> OMS/lmsy/m/n on input line 24.
LaTeX Font Info:    Overwriting symbol font `largesymbols' in version `normal'
(Font)                  OMX/cmex/m/n --> OMX/lmex/m/n on input line 25.
LaTeX Font Info:    Overwriting symbol font `operators' in version `bold'
(Font)                  OT1/cmr/bx/n --> OT1/lmr/bx/n on input line 26.
LaTeX Font Info:    Overwriting symbol font `letters' in version `bold'
(Font)                  OML/cmm/b/it --> OML/lmm/b/it on input line 27.
LaTeX Font Info:    Overwriting symbol font `symbols' in version `bold'
(Font)                  OMS/cmsy/b/n --> OMS/lmsy/b/n on input line 28.
LaTeX Font Info:    Overwriting symbol font `largesymbols' in version `bold'
(Font)                  OMX/cmex/m/n --> OMX/lmex/m/n on input line 29.
LaTeX Font Info:    Overwriting math alphabet `\mathbf' in version `normal'
(Font)                  OT1/cmr/bx/n --> OT1/lmr/bx/n on input line 31.
LaTeX Font Info:    Overwriting math alphabet `\mathsf' in version `normal'
(Font)                  OT1/cmss/m/n --> OT1/lmss/m/n on input line 32.
LaTeX Font Info:    Overwriting math alphabet `\mathit' in version `normal'
(Font)                  OT1/cmr/m/it --> OT1/lmr/m/it on input line 33.
LaTeX Font Info:    Overwriting math alphabet `\mathtt' in version `normal'
(Font)                  OT1/cmtt/m/n --> OT1/lmtt/m/n on input line 34.
LaTeX Font Info:    Overwriting math alphabet `\mathbf' in version `bold'
(Font)                  OT1/cmr/bx/n --> OT1/lmr/bx/n on input line 35.
LaTeX Font Info:    Overwriting math alphabet `\mathsf' in version `bold'
(Font)                  OT1/cmss/bx/n --> OT1/lmss/bx/n on input line 36.
LaTeX Font Info:    Overwriting math alphabet `\mathit' in version `bold'
(Font)                  OT1/cmr/bx/it --> OT1/lmr/bx/it on input line 37.
LaTeX Font Info:    Overwriting math alphabet `\mathtt' in version `bold'
(Font)                  OT1/cmtt/m/n --> OT1/lmtt/m/n on input line 38.
) (/home/rstudio/.TinyTeX/texmf-dist/tex/latex/base/fontenc.sty
Package: fontenc 2020/01/25 v2.0m Standard LaTeX package
LaTeX Font Info:    Trying to load font information for T1+lmr on input line 11
2.
(/home/rstudio/.TinyTeX/texmf-dist/tex/latex/lm/t1lmr.fd
File: t1lmr.fd 2009/10/30 v1.6 Font defs for Latin Modern
)) (/home/rstudio/.TinyTeX/texmf-dist/tex/latex/geometry/geometry.sty
Package: geometry 2020/01/02 v5.9 Page Geometry
(/home/rstudio/.TinyTeX/texmf-dist/tex/latex/graphics/keyval.sty
Package: keyval 2014/10/28 v1.15 key=value parser (DPC)
\KV@toks@=\toks14
) (/home/rstudio/.TinyTeX/texmf-dist/tex/generic/iftex/ifvtex.sty
Package: ifvtex 2019/10/25 v1.7 ifvtex legacy package. Use iftex instead.
(/home/rstudio/.TinyTeX/texmf-dist/tex/generic/iftex/iftex.sty
Package: iftex 2019/11/07 v1.0c TeX engine tests
))
\Gm@cnth=\count176
\Gm@cntv=\count177
\c@Gm@tempcnt=\count178
\Gm@bindingoffset=\dimen135
\Gm@wd@mp=\dimen136
\Gm@odd@mp=\dimen137
\Gm@even@mp=\dimen138
\Gm@layoutwidth=\dimen139
\Gm@layoutheight=\dimen140
\Gm@layouthoffset=\dimen141
\Gm@layoutvoffset=\dimen142
\Gm@dimlist=\toks15
) (/home/rstudio/.TinyTeX/texmf-dist/tex/latex/graphics/graphicx.sty
Package: graphicx 2019/11/30 v1.2a Enhanced LaTeX Graphics (DPC,SPQR)
(/home/rstudio/.TinyTeX/texmf-dist/tex/latex/graphics/graphics.sty
Package: graphics 2019/11/30 v1.4a Standard LaTeX Graphics (DPC,SPQR)
(/home/rstudio/.TinyTeX/texmf-dist/tex/latex/graphics/trig.sty
Package: trig 2016/01/03 v1.10 sin cos tan (DPC)
) (/home/rstudio/.TinyTeX/texmf-dist/tex/latex/graphics-cfg/graphics.cfg
File: graphics.cfg 2016/06/04 v1.11 sample graphics configuration
)
Package graphics Info: Driver file: pdftex.def on input line 105.
(/home/rstudio/.TinyTeX/texmf-dist/tex/latex/graphics-def/pdftex.def
File: pdftex.def 2018/01/08 v1.0l Graphics/color driver for pdftex
))
\Gin@req@height=\dimen143
\Gin@req@width=\dimen144
) (/home/rstudio/.TinyTeX/texmf-dist/tex/latex/booktabs/booktabs.sty
Package: booktabs 2020/01/12 v1.61803398 Publication quality tables
\heavyrulewidth=\dimen145
\lightrulewidth=\dimen146
\cmidrulewidth=\dimen147
\belowrulesep=\dimen148
\belowbottomsep=\dimen149
\aboverulesep=\dimen150
\abovetopsep=\dimen151
\cmidrulesep=\dimen152
\cmidrulekern=\dimen153
\defaultaddspace=\dimen154
\@cmidla=\count179
\@cmidlb=\count180
\@aboverulesep=\dimen155
\@belowrulesep=\dimen156
\@thisruleclass=\count181
\@lastruleclass=\count182
\@thisrulewidth=\dimen157
) (/home/rstudio/.TinyTeX/texmf-dist/tex/latex/threeparttable/threeparttable.st
y
Package: threeparttable 2003/06/13  v 3.0
\@tempboxb=\box45
)
\b@level@one@skip=\skip49
\e@level@one@skip=\skip50
\b@level@two@skip=\skip51
\e@level@two@skip=\skip52
\b@level@three@skip=\skip53
\e@level@three@skip=\skip54
\b@level@four@skip=\skip55
\e@level@four@skip=\skip56
\b@level@five@skip=\skip57
\e@level@five@skip=\skip58
(/home/rstudio/.TinyTeX/texmf-dist/tex/latex/caption/caption.sty
Package: caption 2020/01/03 v3.4h Customizing captions (AR)
(/home/rstudio/.TinyTeX/texmf-dist/tex/latex/caption/caption3.sty
Package: caption3 2020/01/03 v1.8h caption3 kernel (AR)
Package caption3 Info: TeX engine: e-TeX on input line 61.
\captionmargin=\dimen158
\captionmargin@=\dimen159
\captionwidth=\dimen160
\caption@tempdima=\dimen161
\caption@indent=\dimen162
\caption@parindent=\dimen163
\caption@hangindent=\dimen164
Package caption Info: Standard document class detected.
)
\c@caption@flags=\count183
\c@continuedfloat=\count184
Package caption Info: threeparttable package is loaded.
)
\c@APAenum=\count185
\@text@par@indent=\skip59
\gr@box=\box46
\gr@boxwidth=\skip60
\gr@boxheight=\skip61
(/home/rstudio/.TinyTeX/texmf-dist/tex/latex/tools/bm.sty
Package: bm 2019/07/24 v1.2d Bold Symbol Support (DPC/FMi)
\symboldoperators=\mathgroup4
\symboldletters=\mathgroup5
\symboldsymbols=\mathgroup6
LaTeX Font Info:    Redeclaring math alphabet \mathbf on input line 141.
LaTeX Info: Redefining \bm on input line 209.
)
\c@appendix=\count186
(/home/rstudio/.TinyTeX/texmf-dist/tex/latex/fancyhdr/fancyhdr.sty
Package: fancyhdr 2019/01/31 v3.10 Extensive control of page headers and footer
s
\f@nch@headwidth=\skip62
\f@nch@O@elh=\skip63
\f@nch@O@erh=\skip64
\f@nch@O@olh=\skip65
\f@nch@O@orh=\skip66
\f@nch@O@elf=\skip67
\f@nch@O@erf=\skip68
\f@nch@O@olf=\skip69
\f@nch@O@orf=\skip70
) (/home/rstudio/.TinyTeX/texmf-dist/tex/latex/endfloat/endfloat.sty
Package: endfloat 2019/04/15 v2.7 LaTeX2e package puts figures and tables at en
d (jdm)
\c@posttable=\count187
\efloat@postttt=\write3
\@ef@tttopen=\count188
\c@postfigure=\count189
\efloat@postfff=\write4
\@ef@fffopen=\count190
) (/home/rstudio/.TinyTeX/texmf-dist/tex/latex/float/float.sty
Package: float 2001/11/08 v1.3d Float enhancements (AL)
\c@float@type=\count191
\float@exts=\toks16
\float@box=\box47
\@float@everytoks=\toks17
\@floatcapt=\box48
)) (/home/rstudio/.TinyTeX/texmf-dist/tex/latex/amsfonts/amssymb.sty
Package: amssymb 2013/01/14 v3.01 AMS font symbols
(/home/rstudio/.TinyTeX/texmf-dist/tex/latex/amsfonts/amsfonts.sty
Package: amsfonts 2013/01/14 v3.01 Basic AMSFonts support
\@emptytoks=\toks18
\symAMSa=\mathgroup7
\symAMSb=\mathgroup8
LaTeX Font Info:    Redeclaring math symbol \hbar on input line 98.
LaTeX Font Info:    Overwriting math alphabet `\mathfrak' in version `bold'
(Font)                  U/euf/m/n --> U/euf/b/n on input line 106.
)) (/home/rstudio/.TinyTeX/texmf-dist/tex/latex/amsmath/amsmath.sty
Package: amsmath 2020/01/20 v2.17e AMS math features
\@mathmargin=\skip71
For additional information on amsmath, use the `?' option.
(/home/rstudio/.TinyTeX/texmf-dist/tex/latex/amsmath/amstext.sty
Package: amstext 2000/06/29 v2.01 AMS text
(/home/rstudio/.TinyTeX/texmf-dist/tex/latex/amsmath/amsgen.sty
File: amsgen.sty 1999/11/30 v2.0 generic functions
\@emptytoks=\toks19
\ex@=\dimen165
)) (/home/rstudio/.TinyTeX/texmf-dist/tex/latex/amsmath/amsbsy.sty
Package: amsbsy 1999/11/29 v1.2d Bold Symbols
LaTeX Info: Redefining \boldsymbol on input line 28.
\pmbraise@=\dimen166
) (/home/rstudio/.TinyTeX/texmf-dist/tex/latex/amsmath/amsopn.sty
Package: amsopn 2016/03/08 v2.02 operator names
)
\inf@bad=\count192
LaTeX Info: Redefining \frac on input line 227.
\uproot@=\count193
\leftroot@=\count194
LaTeX Info: Redefining \overline on input line 389.
\classnum@=\count195
\DOTSCASE@=\count196
LaTeX Info: Redefining \ldots on input line 486.
LaTeX Info: Redefining \dots on input line 489.
LaTeX Info: Redefining \cdots on input line 610.
\Mathstrutbox@=\box49
\strutbox@=\box50
\big@size=\dimen167
LaTeX Font Info:    Redeclaring font encoding OML on input line 733.
LaTeX Font Info:    Redeclaring font encoding OMS on input line 734.
\macc@depth=\count197
\c@MaxMatrixCols=\count198
\dotsspace@=\muskip16
\c@parentequation=\count199
\dspbrk@lvl=\count266
\tag@help=\toks20
\row@=\count267
\column@=\count268
\maxfields@=\count269
\andhelp@=\toks21
\eqnshift@=\dimen168
\alignsep@=\dimen169
\tagshift@=\dimen170
\tagwidth@=\dimen171
\totwidth@=\dimen172
\lineht@=\dimen173
\@envbody=\toks22
\multlinegap=\skip72
\multlinetaggap=\skip73
\mathdisplay@stack=\toks23
LaTeX Info: Redefining \[ on input line 2859.
LaTeX Info: Redefining \] on input line 2860.
) (/home/rstudio/.TinyTeX/texmf-dist/tex/generic/iftex/ifxetex.sty
Package: ifxetex 2019/10/25 v0.7 ifxetex legacy package. Use iftex instead.
) (/home/rstudio/.TinyTeX/texmf-dist/tex/generic/iftex/ifluatex.sty
Package: ifluatex 2019/10/25 v1.5 ifluatex legacy package. Use iftex instead.
) (/home/rstudio/.TinyTeX/texmf-dist/tex/latex/base/fixltx2e.sty
Package: fixltx2e 2016/12/29 v2.1a fixes to LaTeX (obsolete)
Applying: [2015/01/01] Old fixltx2e package on input line 46.

Package fixltx2e Warning: fixltx2e is not required with releases after 2015
(fixltx2e)                All fixes are now in the LaTeX kernel.
(fixltx2e)                See the latexrelease package for details.

Already applied: [0000/00/00] Old fixltx2e package on input line 53.
) (/home/rstudio/.TinyTeX/texmf-dist/tex/latex/base/fontenc.sty
Package: fontenc 2020/01/25 v2.0m Standard LaTeX package
) (/home/rstudio/.TinyTeX/texmf-dist/tex/latex/base/inputenc.sty
Package: inputenc 2018/08/11 v1.3c Input encoding file
\inpenc@prehook=\toks24
\inpenc@posthook=\toks25
) (/home/rstudio/.TinyTeX/texmf-dist/tex/latex/base/textcomp.sty
Package: textcomp 2020/02/02 v2.0m Standard LaTeX package
) (/home/rstudio/.TinyTeX/texmf-dist/tex/latex/upquote/upquote.sty
Package: upquote 2012/04/19 v1.3 upright-quote and grave-accent glyphs in verba
tim
) (/home/rstudio/.TinyTeX/texmf-dist/tex/latex/hyperref/hyperref.sty
Package: hyperref 2020/01/14 v7.00d Hypertext links for LaTeX
(/home/rstudio/.TinyTeX/texmf-dist/tex/generic/ltxcmds/ltxcmds.sty
Package: ltxcmds 2019/12/15 v1.24 LaTeX kernel commands for general use (HO)
) (/home/rstudio/.TinyTeX/texmf-dist/tex/latex/pdftexcmds/pdftexcmds.sty
Package: pdftexcmds 2019/11/24 v0.31 Utility functions of pdfTeX for LuaTeX (HO
)
(/home/rstudio/.TinyTeX/texmf-dist/tex/generic/infwarerr/infwarerr.sty
Package: infwarerr 2019/12/03 v1.5 Providing info/warning/error messages (HO)
)
Package pdftexcmds Info: \pdf@primitive is available.
Package pdftexcmds Info: \pdf@ifprimitive is available.
Package pdftexcmds Info: \pdfdraftmode found.
) (/home/rstudio/.TinyTeX/texmf-dist/tex/generic/kvsetkeys/kvsetkeys.sty
Package: kvsetkeys 2019/12/15 v1.18 Key value parser (HO)
) (/home/rstudio/.TinyTeX/texmf-dist/tex/generic/kvdefinekeys/kvdefinekeys.sty
Package: kvdefinekeys 2019-12-19 v1.6 Define keys (HO)
) (/home/rstudio/.TinyTeX/texmf-dist/tex/generic/pdfescape/pdfescape.sty
Package: pdfescape 2019/12/09 v1.15 Implements pdfTeX's escape features (HO)
) (/home/rstudio/.TinyTeX/texmf-dist/tex/latex/hycolor/hycolor.sty
Package: hycolor 2020-01-27 v1.10 Color options for hyperref/bookmark (HO)
) (/home/rstudio/.TinyTeX/texmf-dist/tex/latex/letltxmacro/letltxmacro.sty
Package: letltxmacro 2019/12/03 v1.6 Let assignment for LaTeX macros (HO)
) (/home/rstudio/.TinyTeX/texmf-dist/tex/latex/auxhook/auxhook.sty
Package: auxhook 2019-12-17 v1.6 Hooks for auxiliary files (HO)
) (/home/rstudio/.TinyTeX/texmf-dist/tex/latex/kvoptions/kvoptions.sty
Package: kvoptions 2019/11/29 v3.13 Key value format for package options (HO)
)
\@linkdim=\dimen174
\Hy@linkcounter=\count270
\Hy@pagecounter=\count271
(/home/rstudio/.TinyTeX/texmf-dist/tex/latex/hyperref/pd1enc.def
File: pd1enc.def 2020/01/14 v7.00d Hyperref: PDFDocEncoding definition (HO)
Now handling font encoding PD1 ...
... no UTF-8 mapping file for font encoding PD1
) (/home/rstudio/.TinyTeX/texmf-dist/tex/generic/intcalc/intcalc.sty
Package: intcalc 2019/12/15 v1.3 Expandable calculations with integers (HO)
) (/home/rstudio/.TinyTeX/texmf-dist/tex/generic/etexcmds/etexcmds.sty
Package: etexcmds 2019/12/15 v1.7 Avoid name clashes with e-TeX commands (HO)
)
\Hy@SavedSpaceFactor=\count272
\pdfmajorversion=\count273
Package hyperref Info: Option `unicode' set `true' on input line 4421.
(/home/rstudio/.TinyTeX/texmf-dist/tex/latex/hyperref/puenc.def
File: puenc.def 2020/01/14 v7.00d Hyperref: PDF Unicode definition (HO)
Now handling font encoding PU ...
... no UTF-8 mapping file for font encoding PU
)
Package hyperref Info: Hyper figures OFF on input line 4547.
Package hyperref Info: Link nesting OFF on input line 4552.
Package hyperref Info: Hyper index ON on input line 4555.
Package hyperref Info: Plain pages OFF on input line 4562.
Package hyperref Info: Backreferencing OFF on input line 4567.
Package hyperref Info: Implicit mode ON; LaTeX internals redefined.
Package hyperref Info: Bookmarks ON on input line 4800.
\c@Hy@tempcnt=\count274
(/home/rstudio/.TinyTeX/texmf-dist/tex/latex/url/url.sty
\Urlmuskip=\muskip17
Package: url 2013/09/16  ver 3.4  Verb mode for urls, etc.
)
LaTeX Info: Redefining \url on input line 5159.
\XeTeXLinkMargin=\dimen175
(/home/rstudio/.TinyTeX/texmf-dist/tex/generic/bitset/bitset.sty
Package: bitset 2019/12/09 v1.3 Handle bit-vector datatype (HO)
(/home/rstudio/.TinyTeX/texmf-dist/tex/generic/bigintcalc/bigintcalc.sty
Package: bigintcalc 2019/12/15 v1.5 Expandable calculations on big integers (HO
)
))
\Fld@menulength=\count275
\Field@Width=\dimen176
\Fld@charsize=\dimen177
Package hyperref Info: Hyper figures OFF on input line 6430.
Package hyperref Info: Link nesting OFF on input line 6435.
Package hyperref Info: Hyper index ON on input line 6438.
Package hyperref Info: backreferencing OFF on input line 6445.
Package hyperref Info: Link coloring OFF on input line 6450.
Package hyperref Info: Link coloring with OCG OFF on input line 6455.
Package hyperref Info: PDF/A mode OFF on input line 6460.
LaTeX Info: Redefining \ref on input line 6500.
LaTeX Info: Redefining \pageref on input line 6504.
(/home/rstudio/.TinyTeX/texmf-dist/tex/generic/atbegshi/atbegshi.sty
Package: atbegshi 2019/12/05 v1.19 At begin shipout hook (HO)
)
\Hy@abspage=\count276
\c@Item=\count277
\c@Hfootnote=\count278
)
Package hyperref Info: Driver (autodetected): hpdftex.
(/home/rstudio/.TinyTeX/texmf-dist/tex/latex/hyperref/hpdftex.def
File: hpdftex.def 2020/01/14 v7.00d Hyperref driver for pdfTeX
(/home/rstudio/.TinyTeX/texmf-dist/tex/latex/atveryend/atveryend.sty
Package: atveryend 2019-12-11 v1.11 Hooks at the very end of document (HO)
)
\Fld@listcount=\count279
\c@bookmark@seq@number=\count280
(/home/rstudio/.TinyTeX/texmf-dist/tex/latex/rerunfilecheck/rerunfilecheck.sty
Package: rerunfilecheck 2019/12/05 v1.9 Rerun checks for auxiliary files (HO)
(/home/rstudio/.TinyTeX/texmf-dist/tex/generic/uniquecounter/uniquecounter.sty
Package: uniquecounter 2019/12/15 v1.4 Provide unlimited unique counter (HO)
)
Package uniquecounter Info: New unique counter `rerunfilecheck' on input line 2
86.
)
\Hy@SectionHShift=\skip74
)
Package hyperref Info: Option `breaklinks' set `true' on input line 35.
(/home/rstudio/.TinyTeX/texmf-dist/tex/latex/grffile/grffile.sty
Package: grffile 2019/11/11 v2.1 Extended file name support for graphics (legac
y)
Package grffile Info: This package is an empty stub for compatibility on input 
line 40.
) (/home/rstudio/.TinyTeX/texmf-dist/tex/latex/was/upgreek.sty
Package: upgreek 2003/02/12 v2.0 (WaS)
Package upgreek Info: Using Euler Roman for upright Greek on input line 31.
\symugrf@m=\mathgroup9
LaTeX Font Info:    Overwriting symbol font `ugrf@m' in version `bold'
(Font)                  U/eur/m/n --> U/eur/b/n on input line 38.
) (/home/rstudio/.TinyTeX/texmf-dist/tex/latex/tools/longtable.sty
Package: longtable 2020/01/07 v4.13 Multi-page Table package (DPC)
\LTleft=\skip75
\LTright=\skip76
\LTpre=\skip77
\LTpost=\skip78
\LTchunksize=\count281
\LTcapwidth=\dimen178
\LT@head=\box51
\LT@firsthead=\box52
\LT@foot=\box53
\LT@lastfoot=\box54
\LT@cols=\count282
\LT@rows=\count283
\c@LT@tables=\count284
\c@LT@chunks=\count285
\LT@p@ftn=\toks26
) (/home/rstudio/.TinyTeX/texmf-dist/tex/latex/graphics/lscape.sty
Package: lscape 2000/10/22 v3.01 Landscape Pages (DPC)
) (/home/rstudio/.TinyTeX/texmf-dist/tex/latex/multirow/multirow.sty
Package: multirow 2019/05/31 v2.5 Span multiple rows of a table
\multirow@colwidth=\skip79
\multirow@cntb=\count286
\multirow@dima=\skip80
\bigstrutjot=\dimen179
) (/home/rstudio/.TinyTeX/texmf-dist/tex/latex/tools/tabularx.sty
Package: tabularx 2020/01/15 v2.11c `tabularx' package (DPC)
(/home/rstudio/.TinyTeX/texmf-dist/tex/latex/tools/array.sty
Package: array 2019/08/31 v2.4l Tabular extension package (FMi)
\col@sep=\dimen180
\ar@mcellbox=\box55
\extrarowheight=\dimen181
\NC@list=\toks27
\extratabsurround=\skip81
\backup@length=\skip82
\ar@cellbox=\box56
)
\TX@col@width=\dimen182
\TX@old@table=\dimen183
\TX@old@col=\dimen184
\TX@target=\dimen185
\TX@delta=\dimen186
\TX@cols=\count287
\TX@ftn=\toks28
)
(/home/rstudio/.TinyTeX/texmf-dist/tex/latex/threeparttablex/threeparttablex.st
y
Package: threeparttablex 2013/07/23 v0.3 by daleif
(/home/rstudio/.TinyTeX/texmf-dist/tex/latex/environ/environ.sty
Package: environ 2014/05/04 v0.3 A new way to define environments
(/home/rstudio/.TinyTeX/texmf-dist/tex/latex/trimspaces/trimspaces.sty
Package: trimspaces 2009/09/17 v1.1 Trim spaces around a token list
))
\TPTL@width=\skip83
)
\longtablewidth=\skip84
(/home/rstudio/.TinyTeX/texmf-dist/tex/latex/lineno/lineno.sty
Package: lineno 2005/11/02 line numbers on paragraphs v4.41
\linenopenalty=\count288
\output=\toks29
\linenoprevgraf=\count289
\linenumbersep=\dimen187
\linenumberwidth=\dimen188
\c@linenumber=\count290
\c@pagewiselinenumber=\count291
\c@LN@truepage=\count292
\c@internallinenumber=\count293
\c@internallinenumbers=\count294
\quotelinenumbersep=\dimen189
\bframerule=\dimen190
\bframesep=\dimen191
\bframebox=\box57
LaTeX Info: Redefining \\ on input line 3056.
) (/home/rstudio/.TinyTeX/texmf-dist/tex/latex/csquotes/csquotes.sty
Package: csquotes 2019-12-06 v5.2j context-sensitive quotations (JAW)
\csq@reset=\count295
\csq@gtype=\count296
\csq@glevel=\count297
\csq@qlevel=\count298
\csq@maxlvl=\count299
\csq@tshold=\count300
\csq@ltx@everypar=\toks30
(/home/rstudio/.TinyTeX/texmf-dist/tex/latex/csquotes/csquotes.def
File: csquotes.def 2019-12-06 v5.2j csquotes generic definitions (JAW)
)
Package csquotes Info: Trying to load configuration file 'csquotes.cfg'...
Package csquotes Info: ... configuration file loaded successfully.
(/home/rstudio/.TinyTeX/texmf-dist/tex/latex/csquotes/csquotes.cfg
File: csquotes.cfg 
)) (/home/rstudio/.TinyTeX/texmf-dist/tex/latex/setspace/setspace.sty
Package: setspace 2011/12/19 v6.7a set line spacing
) (/home/rstudio/.TinyTeX/texmf-dist/tex/generic/babel/babel.sty
Package: babel 2020/02/03 3.39 The Babel package
(/home/rstudio/.TinyTeX/texmf-dist/tex/generic/babel/switch.def
File: switch.def 2020/02/03 3.39 Babel switching mechanism
) (/home/rstudio/.TinyTeX/texmf-dist/tex/generic/babel-english/english.ldf
Language: english 2017/06/06 v3.3r English support from the babel system
(/home/rstudio/.TinyTeX/texmf-dist/tex/generic/babel/babel.def
File: babel.def 2020/02/03 3.39 Babel common definitions
\babel@savecnt=\count301
\U@D=\dimen192
(/home/rstudio/.TinyTeX/texmf-dist/tex/generic/babel/txtbabel.def)
\bbl@readstream=\read2
\bbl@dirlevel=\count302
)
Package babel Info: \l@british = using hyphenrules for english
(babel)             (\language0) on input line 82.
Package babel Info: \l@UKenglish = using hyphenrules for english
(babel)             (\language0) on input line 83.
Package babel Info: \l@canadian = using hyphenrules for english
(babel)             (\language0) on input line 102.
Package babel Info: \l@australian = using hyphenrules for english
(babel)             (\language0) on input line 105.
Package babel Info: \l@newzealand = using hyphenrules for english
(babel)             (\language0) on input line 108.
) (/home/rstudio/.TinyTeX/texmf-dist/tex/generic/babel-english/english.ldf
Language: english 2017/06/06 v3.3r English support from the babel system
))
Package csquotes Info: Checking for multilingual support...
Package csquotes Info: ... found 'babel' package.
Package csquotes Info: Adjusting default style.
Package csquotes Info: Redefining alias 'default' -> 'english'.
(/home/rstudio/.TinyTeX/texmf-dist/tex/latex/l3backend/l3backend-pdfmode.def
File: l3backend-pdfmode.def 2020-02-03 L3 backend support: PDF mode
\l__kernel_color_stack_int=\count303
\l__pdf_internal_box=\box58
) (./TemplateReport.aux)
\openout1 = `TemplateReport.aux'.

LaTeX Font Info:    Checking defaults for OML/cmm/m/it on input line 128.
LaTeX Font Info:    ... okay on input line 128.
LaTeX Font Info:    Checking defaults for OMS/cmsy/m/n on input line 128.
LaTeX Font Info:    ... okay on input line 128.
LaTeX Font Info:    Checking defaults for OT1/cmr/m/n on input line 128.
LaTeX Font Info:    ... okay on input line 128.
LaTeX Font Info:    Checking defaults for T1/cmr/m/n on input line 128.
LaTeX Font Info:    ... okay on input line 128.
LaTeX Font Info:    Checking defaults for TS1/cmr/m/n on input line 128.
LaTeX Font Info:    ... okay on input line 128.
LaTeX Font Info:    Checking defaults for OMX/cmex/m/n on input line 128.
LaTeX Font Info:    ... okay on input line 128.
LaTeX Font Info:    Checking defaults for U/cmr/m/n on input line 128.
LaTeX Font Info:    ... okay on input line 128.
LaTeX Font Info:    Checking defaults for PD1/pdf/m/n on input line 128.
LaTeX Font Info:    ... okay on input line 128.
LaTeX Font Info:    Checking defaults for PU/pdf/m/n on input line 128.
LaTeX Font Info:    ... okay on input line 128.
*geometry* driver: auto-detecting
*geometry* detected driver: pdftex
*geometry* verbose mode - [ preamble ] result:
* driver: pdftex
* paper: <default>
* layout: <same size as paper>
* layoutoffset:(h,v)=(0.0pt,0.0pt)
* modes: twoside 
* h-part:(L,W,R)=(72.26999pt, 469.75502pt, 72.26999pt)
* v-part:(T,H,B)=(72.26999pt, 650.43001pt, 72.26999pt)
* \paperwidth=614.295pt
* \paperheight=794.96999pt
* \textwidth=469.75502pt
* \textheight=650.43001pt
* \oddsidemargin=0.0pt
* \evensidemargin=0.0pt
* \topmargin=-37.0pt
* \headheight=15.2pt
* \headsep=25.0pt
* \topskip=12.0pt
* \footskip=30.0pt
* \marginparwidth=95.0pt
* \marginparsep=10.0pt
* \columnsep=10.0pt
* \skip\footins=10.8pt plus 4.0pt minus 2.0pt
* \hoffset=0.0pt
* \voffset=0.0pt
* \mag=1000
* \@twocolumnfalse
* \@twosidetrue
* \@mparswitchtrue
* \@reversemarginfalse
* (1in=72.27pt=25.4mm, 1cm=28.453pt)

(/home/rstudio/.TinyTeX/texmf-dist/tex/latex/epstopdf-pkg/epstopdf-base.sty
Package: epstopdf-base 2020-01-24 v2.11 Base part for package epstopdf
(/home/rstudio/.TinyTeX/texmf-dist/tex/latex/grfext/grfext.sty
Package: grfext 2019/12/03 v1.3 Manage graphics extensions (HO)
)
Package epstopdf-base Info: Redefining graphics rule for `.eps' on input line 4
85.
Package grfext Info: Graphics extension search list:
(grfext)             [.pdf,.png,.jpg,.mps,.jpeg,.jbig2,.jb2,.PDF,.PNG,.JPG,.JPE
G,.JBIG2,.JB2,.eps]
(grfext)             \AppendGraphicsExtensions on input line 504.
(/home/rstudio/.TinyTeX/texmf-dist/tex/latex/latexconfig/epstopdf-sys.cfg
File: epstopdf-sys.cfg 2010/07/13 v1.3 Configuration of (r)epstopdf for TeX Liv
e
)) (/home/rstudio/.TinyTeX/texmf-dist/tex/latex/apa6/config/APAamerican.txt
File: APAamerican.txt 2012/02/23 v1.25 apa6 configuration for American English
)
Package caption Info: Begin \AtBeginDocument code.
Package caption Info: float package is loaded.
Package caption Info: hyperref package is loaded.
Package caption Info: longtable package is loaded.
(/home/rstudio/.TinyTeX/texmf-dist/tex/latex/caption/ltcaption.sty
Package: ltcaption 2018/08/26 v1.4a longtable captions (AR)
)
Package caption Info: End \AtBeginDocument code.
\AtBeginShipoutBox=\box59
Package hyperref Info: Link coloring OFF on input line 128.
(/home/rstudio/.TinyTeX/texmf-dist/tex/latex/hyperref/nameref.sty
Package: nameref 2019/09/16 v2.46 Cross-referencing by name of section
(/home/rstudio/.TinyTeX/texmf-dist/tex/latex/refcount/refcount.sty
Package: refcount 2019/12/15 v3.6 Data extraction from label references (HO)
)
(/home/rstudio/.TinyTeX/texmf-dist/tex/generic/gettitlestring/gettitlestring.st
y
Package: gettitlestring 2019/12/15 v1.6 Cleanup title references (HO)
)
\c@section@level=\count304
)
LaTeX Info: Redefining \ref on input line 128.
LaTeX Info: Redefining \pageref on input line 128.
LaTeX Info: Redefining \nameref on input line 128.
(./TemplateReport.out) (./TemplateReport.out)
\@outlinefile=\write5
\openout5 = `TemplateReport.out'.

LaTeX Font Info:    Trying to load font information for T1+lmss on input line 1
30.
(/home/rstudio/.TinyTeX/texmf-dist/tex/latex/lm/t1lmss.fd
File: t1lmss.fd 2009/10/30 v1.6 Font defs for Latin Modern
)
LaTeX Font Info:    Trying to load font information for OT1+lmr on input line 1
30.
(/home/rstudio/.TinyTeX/texmf-dist/tex/latex/lm/ot1lmr.fd
File: ot1lmr.fd 2009/10/30 v1.6 Font defs for Latin Modern
)
LaTeX Font Info:    Trying to load font information for OML+lmm on input line 1
30.
(/home/rstudio/.TinyTeX/texmf-dist/tex/latex/lm/omllmm.fd
File: omllmm.fd 2009/10/30 v1.6 Font defs for Latin Modern
)
LaTeX Font Info:    Trying to load font information for OMS+lmsy on input line 
130.
(/home/rstudio/.TinyTeX/texmf-dist/tex/latex/lm/omslmsy.fd
File: omslmsy.fd 2009/10/30 v1.6 Font defs for Latin Modern
)
LaTeX Font Info:    Trying to load font information for OMX+lmex on input line 
130.
(/home/rstudio/.TinyTeX/texmf-dist/tex/latex/lm/omxlmex.fd
File: omxlmex.fd 2009/10/30 v1.6 Font defs for Latin Modern
)
LaTeX Font Info:    External font `lmex10' loaded for size
(Font)              <12> on input line 130.
LaTeX Font Info:    External font `lmex10' loaded for size
(Font)              <8> on input line 130.
LaTeX Font Info:    External font `lmex10' loaded for size
(Font)              <6> on input line 130.
LaTeX Font Info:    Trying to load font information for U+msa on input line 130
.
(/home/rstudio/.TinyTeX/texmf-dist/tex/latex/amsfonts/umsa.fd
File: umsa.fd 2013/01/14 v3.01 AMS symbols A
)
LaTeX Font Info:    Trying to load font information for U+msb on input line 130
.
(/home/rstudio/.TinyTeX/texmf-dist/tex/latex/amsfonts/umsb.fd
File: umsb.fd 2013/01/14 v3.01 AMS symbols B
)

Package Fancyhdr Warning: \headheight is too small (15.2pt): 
Make it at least 41.61652pt.
We now make it that large for the rest of the document.
This may cause the page layout to be inconsistent, however.

[1{/home/rstudio/.TinyTeX/texmf-var/fonts/map/pdftex/updmap/pdftex.map}

] [2] [3]

Package hyperref Warning: Difference (2) between bookmark levels is greater 
(hyperref)                than one, level fixed on input line 144.

[4] [5] [6]
LaTeX Font Info:    Trying to load font information for TS1+lmr on input line 1
79.
(/home/rstudio/.TinyTeX/texmf-dist/tex/latex/lm/ts1lmr.fd
File: ts1lmr.fd 2009/10/30 v1.6 Font defs for Latin Modern
)
<TemplateReport_files/figure-latex/BRAVOdescription-1.pdf, id=127, 867.24pt x 5
78.16pt>
File: TemplateReport_files/figure-latex/BRAVOdescription-1.pdf Graphic file (ty
pe pdf)
<use TemplateReport_files/figure-latex/BRAVOdescription-1.pdf>
Package pdftex.def Info: TemplateReport_files/figure-latex/BRAVOdescription-1.p
df  used on input line 188.
(pdftex.def)             Requested size: 469.75827pt x 313.17216pt.

Underfull \hbox (badness 10000) in paragraph at lines 188--189

 []

LaTeX Font Info:    Trying to load font information for T1+lmtt on input line 1
93.
(/home/rstudio/.TinyTeX/texmf-dist/tex/latex/lm/t1lmtt.fd
File: t1lmtt.fd 2009/10/30 v1.6 Font defs for Latin Modern
)
LaTeX Font Info:    Trying to load font information for TS1+lmtt on input line 
214.
(/home/rstudio/.TinyTeX/texmf-dist/tex/latex/lm/ts1lmtt.fd
File: ts1lmtt.fd 2009/10/30 v1.6 Font defs for Latin Modern
)
Overfull \hbox (258.89534pt too wide) in paragraph at lines 214--214
[]\T1/lmtt/m/n/12 FALSE [1] "Error in binom.test(nn[i, j], n.ij, conf.level = c
onf.level) : \n  \TS1/lmtt/m/n/12 '\T1/lmtt/m/n/12 n\TS1/lmtt/m/n/12 ' \T1/lmtt
/m/n/12 must be a positive integer >= \TS1/lmtt/m/n/12 '\T1/lmtt/m/n/12 x\TS1/l
mtt/m/n/12 '\T1/lmtt/m/n/12 \n"[] 
 []


Overfull \hbox (228.02032pt too wide) in paragraph at lines 214--214
[]\T1/lmtt/m/n/12 FALSE <simpleError in binom.test(nn[i, j], n.ij, conf.level =
 conf.level): \TS1/lmtt/m/n/12 '\T1/lmtt/m/n/12 n\TS1/lmtt/m/n/12 ' \T1/lmtt/m/
n/12 must be a positive integer >= \TS1/lmtt/m/n/12 '\T1/lmtt/m/n/12 x\TS1/lmtt
/m/n/12 '\T1/lmtt/m/n/12 >[] 
 []


Overfull \hbox (258.89534pt too wide) in paragraph at lines 214--214
[]\T1/lmtt/m/n/12 FALSE [1] "Error in binom.test(nn[i, j], n.ij, conf.level = c
onf.level) : \n  \TS1/lmtt/m/n/12 '\T1/lmtt/m/n/12 n\TS1/lmtt/m/n/12 ' \T1/lmtt
/m/n/12 must be a positive integer >= \TS1/lmtt/m/n/12 '\T1/lmtt/m/n/12 x\TS1/l
mtt/m/n/12 '\T1/lmtt/m/n/12 \n"[] 
 []

[7] [8 <./TemplateReport_files/figure-latex/BRAVOdescription-1.pdf>]
Overfull \hbox (228.02032pt too wide) in paragraph at lines 214--214
[]\T1/lmtt/m/n/12 FALSE <simpleError in binom.test(nn[i, j], n.ij, conf.level =
 conf.level): \TS1/lmtt/m/n/12 '\T1/lmtt/m/n/12 n\TS1/lmtt/m/n/12 ' \T1/lmtt/m/
n/12 must be a positive integer >= \TS1/lmtt/m/n/12 '\T1/lmtt/m/n/12 x\TS1/lmtt
/m/n/12 '\T1/lmtt/m/n/12 >[] 
 []


Overfull \hbox (258.89534pt too wide) in paragraph at lines 214--214
[]\T1/lmtt/m/n/12 FALSE [1] "Error in binom.test(nn[i, j], n.ij, conf.level = c
onf.level) : \n  \TS1/lmtt/m/n/12 '\T1/lmtt/m/n/12 n\TS1/lmtt/m/n/12 ' \T1/lmtt
/m/n/12 must be a positive integer >= \TS1/lmtt/m/n/12 '\T1/lmtt/m/n/12 x\TS1/l
mtt/m/n/12 '\T1/lmtt/m/n/12 \n"[] 
 []


Overfull \hbox (228.02032pt too wide) in paragraph at lines 214--214
[]\T1/lmtt/m/n/12 FALSE <simpleError in binom.test(nn[i, j], n.ij, conf.level =
 conf.level): \TS1/lmtt/m/n/12 '\T1/lmtt/m/n/12 n\TS1/lmtt/m/n/12 ' \T1/lmtt/m/
n/12 must be a positive integer >= \TS1/lmtt/m/n/12 '\T1/lmtt/m/n/12 x\TS1/lmtt
/m/n/12 '\T1/lmtt/m/n/12 >[] 
 []


Overfull \hbox (258.89534pt too wide) in paragraph at lines 214--214
[]\T1/lmtt/m/n/12 FALSE [1] "Error in binom.test(nn[i, j], n.ij, conf.level = c
onf.level) : \n  \TS1/lmtt/m/n/12 '\T1/lmtt/m/n/12 n\TS1/lmtt/m/n/12 ' \T1/lmtt
/m/n/12 must be a positive integer >= \TS1/lmtt/m/n/12 '\T1/lmtt/m/n/12 x\TS1/l
mtt/m/n/12 '\T1/lmtt/m/n/12 \n"[] 
 []


Overfull \hbox (228.02032pt too wide) in paragraph at lines 214--214
[]\T1/lmtt/m/n/12 FALSE <simpleError in binom.test(nn[i, j], n.ij, conf.level =
 conf.level): \TS1/lmtt/m/n/12 '\T1/lmtt/m/n/12 n\TS1/lmtt/m/n/12 ' \T1/lmtt/m/
n/12 must be a positive integer >= \TS1/lmtt/m/n/12 '\T1/lmtt/m/n/12 x\TS1/lmtt
/m/n/12 '\T1/lmtt/m/n/12 >[] 
 []


Overfull \hbox (58.43251pt too wide) in alignment at lines 217--240
 [] [] [] [] 
 []


Underfull \vbox (badness 10000) detected at line 240
 []


Overfull \hbox (58.43251pt too wide) in alignment at lines 240--260
 [] [] [] [] 
 []

[9]
Overfull \hbox (58.43251pt too wide) in alignment at lines 260--280
 [] [] [] [] 
 []


Overfull \hbox (58.43251pt too wide) in alignment at lines 280--287
 [] [] [] [] 
 []

[10] [11]
Underfull \hbox (badness 10000) in paragraph at lines 290--292

 []


Overfull \hbox (28.90755pt too wide) in paragraph at lines 289--293
[]$[]$  
 []


Package hyperref Warning: Difference (2) between bookmark levels is greater 
(hyperref)                than one, level fixed on input line 297.

[12] [13]
Underfull \vbox (badness 10000) has occurred while \output is active []

[14]
<TemplateReport_files/figure-latex/UnivariatePredictorsGraph-1.pdf, id=182, 867
.24pt x 867.24pt>
File: TemplateReport_files/figure-latex/UnivariatePredictorsGraph-1.pdf Graphic
 file (type pdf)
<use TemplateReport_files/figure-latex/UnivariatePredictorsGraph-1.pdf>
Package pdftex.def Info: TemplateReport_files/figure-latex/UnivariatePredictors
Graph-1.pdf  used on input line 335.
(pdftex.def)             Requested size: 469.75827pt x 469.75827pt.

Underfull \hbox (badness 10000) in paragraph at lines 335--336

 []


Underfull \vbox (badness 10000) has occurred while \output is active []

[15 <./TemplateReport_files/figure-latex/UnivariatePredictorsGraph-1.pdf>]
Underfull \vbox (badness 10000) detected at line 357
 []


Underfull \hbox (badness 10000) in paragraph at lines 360--361

 []


Overfull \hbox (28.90755pt too wide) in paragraph at lines 359--362
[]$[]$  
 []

[16]
<TemplateReport_files/figure-latex/CutPointForAcid-1.pdf, id=205, 867.24pt x 57
8.16pt>
File: TemplateReport_files/figure-latex/CutPointForAcid-1.pdf Graphic file (typ
e pdf)
<use TemplateReport_files/figure-latex/CutPointForAcid-1.pdf>
Package pdftex.def Info: TemplateReport_files/figure-latex/CutPointForAcid-1.pd
f  used on input line 369.
(pdftex.def)             Requested size: 469.75827pt x 313.17216pt.
[17 <./TemplateReport_files/figure-latex/CutPointForAcid-1.pdf>] [18] [19]
Underfull \vbox (badness 3977) has occurred while \output is active []

[20] [21] [22] [23]

Package caption Warning: Unused \captionsetup[table] on input line 110.
See the caption package documentation for explanation.

AED endfloat: Processing end Figures and Tables [24]
Package atveryend Info: Empty hook `BeforeClearDocument' on input line 464.
Package atveryend Info: Empty hook `AfterLastShipout' on input line 464.
(./TemplateReport.aux)
Package atveryend Info: Executing hook `AtVeryEndDocument' on input line 464.
Package atveryend Info: Executing hook `AtEndAfterFileList' on input line 464.
Package rerunfilecheck Info: File `TemplateReport.out' has not changed.
(rerunfilecheck)             Checksum: B187A1ECB5ED76CCB8055B9C5EAA9A9D;3905.
 ) 
Here is how much of TeX's memory you used:
 14358 strings out of 483167
 210738 string characters out of 5965192
 482863 words of memory out of 5000000
 28987 multiletter control sequences out of 15000+600000
 576556 words of font info for 62 fonts, out of 8000000 for 9000
 14 hyphenation exceptions out of 8191
 49i,10n,51p,3043b,564s stack positions out of 5000i,500n,10000p,200000b,80000s
{/home/rstudio/.TinyTeX/texmf-dist/fonts/enc/dvips/lm/lm-ts1.enc}{/home/rstud
io/.TinyTeX/texmf-dist/fonts/enc/dvips/lm/lm-ec.enc}</home/rstudio/.TinyTeX/tex
mf-dist/fonts/type1/public/lm/lmbx12.pfb></home/rstudio/.TinyTeX/texmf-dist/fon
ts/type1/public/lm/lmr12.pfb></home/rstudio/.TinyTeX/texmf-dist/fonts/type1/pub
lic/lm/lmr8.pfb></home/rstudio/.TinyTeX/texmf-dist/fonts/type1/public/lm/lmri12
.pfb></home/rstudio/.TinyTeX/texmf-dist/fonts/type1/public/lm/lmss8.pfb></home/
rstudio/.TinyTeX/texmf-dist/fonts/type1/public/lm/lmtt12.pfb>
Output written on TemplateReport.pdf (24 pages, 293313 bytes).
PDF statistics:
 333 PDF objects out of 1000 (max. 8388607)
 292 compressed objects within 3 object streams
 89 named destinations out of 1000 (max. 500000)
 184 words of extra memory for PDF output out of 10000 (max. 10000000)

